0 info it worked if it ends with ok
1 verbose cli [ '/home/blesson/.nvm/versions/node/v5.0.0/bin/node',
1 verbose cli   '/home/blesson/.nvm/versions/node/v5.0.0/bin/npm',
1 verbose cli   'run',
1 verbose cli   'build' ]
2 info using npm@3.3.6
3 info using node@v5.0.0
4 verbose run-script [ 'prebuild', 'build', 'postbuild' ]
5 info lifecycle react1@1.0.0~prebuild: react1@1.0.0
6 silly lifecycle react1@1.0.0~prebuild: no script for prebuild, continuing
7 info lifecycle react1@1.0.0~build: react1@1.0.0
8 verbose lifecycle react1@1.0.0~build: unsafe-perm in lifecycle true
9 verbose lifecycle react1@1.0.0~build: PATH: /home/blesson/.nvm/versions/node/v5.0.0/lib/node_modules/npm/bin/node-gyp-bin:/home/blesson/Qburst/quiz/node_modules/.bin:/home/blesson/.nvm/versions/node/v5.0.0/lib/node_modules/npm/bin/node-gyp-bin:/home/blesson/Qburst/quiz/node_modules/.bin:/home/blesson/.nvm/versions/node/v5.0.0/bin:/usr/local/sbin:/usr/local/bin:/usr/sbin:/usr/bin:/sbin:/bin:/usr/games:/usr/local/games:/snap/bin
10 verbose lifecycle react1@1.0.0~build: CWD: /home/blesson/Qburst/quiz
11 silly lifecycle react1@1.0.0~build: Args: [ '-c', 'webpack-dev-server --hot' ]
12 silly lifecycle react1@1.0.0~build: Returned: code: 1  signal: null
13 info lifecycle react1@1.0.0~build: Failed to exec build script
14 verbose stack Error: react1@1.0.0 build: `webpack-dev-server --hot`
14 verbose stack Exit status 1
14 verbose stack     at EventEmitter.<anonymous> (/home/blesson/.nvm/versions/node/v5.0.0/lib/node_modules/npm/lib/utils/lifecycle.js:233:16)
14 verbose stack     at emitTwo (events.js:87:13)
14 verbose stack     at EventEmitter.emit (events.js:172:7)
14 verbose stack     at ChildProcess.<anonymous> (/home/blesson/.nvm/versions/node/v5.0.0/lib/node_modules/npm/lib/utils/spawn.js:24:14)
14 verbose stack     at emitTwo (events.js:87:13)
14 verbose stack     at ChildProcess.emit (events.js:172:7)
14 verbose stack     at maybeClose (internal/child_process.js:818:16)
14 verbose stack     at Process.ChildProcess._handle.onexit (internal/child_process.js:211:5)
15 verbose pkgid react1@1.0.0
16 verbose cwd /home/blesson/Qburst/quiz
17 error Linux 4.4.0-21-generic
18 error argv "/home/blesson/.nvm/versions/node/v5.0.0/bin/node" "/home/blesson/.nvm/versions/node/v5.0.0/bin/npm" "run" "build"
19 error node v5.0.0
20 error npm  v3.3.6
21 error code ELIFECYCLE
22 error react1@1.0.0 build: `webpack-dev-server --hot`
22 error Exit status 1
23 error Failed at the react1@1.0.0 build script 'webpack-dev-server --hot'.
23 error This is most likely a problem with the react1 package,
23 error not with npm itself.
23 error Tell the author that this fails on your system:
23 error     webpack-dev-server --hot
23 error You can get their info via:
23 error     npm owner ls react1
23 error There is likely additional logging output above.
24 verbose exit [ 1, true ]
